[0123/194205.733:ERROR:filesystem_win.cc(129)] GetFileAttributes C:\Users\cpe\AppData\Local\Temp\scoped_dir5256_252687315\Crashpad\attachments\b808f04d-afe9-481d-9eb2-fe6220f42665: The system cannot find the path specified. (0x3)
[0123/194315.028:ERROR:filesystem_win.cc(129)] GetFileAttributes C:\Users\cpe\AppData\Local\Temp\scoped_dir1036_2130650416\Crashpad\attachments\7ff02cb5-b1da-4a57-895a-79fde91cb0fc: The system cannot find the path specified. (0x3)
[0123/194547.436:ERROR:filesystem_win.cc(129)] GetFileAttributes C:\Users\cpe\AppData\Local\Temp\scoped_dir4600_1453616351\Crashpad\attachments\0a69308e-aebb-49e3-aa5e-7dd47940915d: The system cannot find the path specified. (0x3)
[0124/085835.219:ERROR:filesystem_win.cc(129)] GetFileAttributes C:\Users\cpe\AppData\Local\Temp\scoped_dir396_1573568096\Crashpad\attachments\0a3ce535-8f3c-4a8c-97f3-d16a76e1b207: The system cannot find the path specified. (0x3)
[0124/090452.947:ERROR:filesystem_win.cc(129)] GetFileAttributes C:\Users\cpe\AppData\Local\Temp\scoped_dir4868_1149254135\Crashpad\attachments\52fef85e-d6d8-42ef-a46c-fbb6b0824839: The system cannot find the path specified. (0x3)
[0124/090702.400:ERROR:filesystem_win.cc(129)] GetFileAttributes C:\Users\cpe\AppData\Local\Temp\scoped_dir5156_565117452\Crashpad\attachments\af2cde39-4ec6-43d9-9bfb-04cb87574b2c: The system cannot find the path specified. (0x3)
[0124/091125.659:ERROR:filesystem_win.cc(129)] GetFileAttributes C:\Users\cpe\AppData\Local\Temp\scoped_dir5284_1039925072\Crashpad\attachments\51c6d8be-74d0-4b03-9c17-04f2c6eeed86: The system cannot find the path specified. (0x3)
[0124/091424.498:ERROR:filesystem_win.cc(129)] GetFileAttributes C:\Users\cpe\AppData\Local\Temp\scoped_dir5020_2087926403\Crashpad\attachments\a44e1650-e130-4f89-8fb9-3f846de654f8: The system cannot find the path specified. (0x3)
[0124/091618.022:ERROR:filesystem_win.cc(129)] GetFileAttributes C:\Users\cpe\AppData\Local\Temp\scoped_dir5504_747574029\Crashpad\attachments\4266f721-8fc2-43e0-ab6f-9f3689df8d88: The system cannot find the path specified. (0x3)
[0124/092411.539:ERROR:filesystem_win.cc(129)] GetFileAttributes C:\Users\cpe\AppData\Local\Temp\scoped_dir720_2087387956\Crashpad\attachments\fa9b6e27-2b41-4255-a165-50403fd4da49: The system cannot find the path specified. (0x3)
[0124/092424.806:ERROR:process_reader_win.cc(188)] ResumeThread: The parameter is incorrect. (0x57)
[0124/092424.807:ERROR:process_reader_win.cc(151)] SuspendThread: Access is denied. (0x5)
[0124/092424.807:ERROR:process_reader_win.cc(151)] SuspendThread: Access is denied. (0x5)
[0124/092424.807:ERROR:process_reader_win.cc(123)] NtOpenThread: An invalid Client ID was specified. (0xc000000b)
[0124/092424.839:ERROR:process_reader_win.cc(151)] SuspendThread: Access is denied. (0x5)
[0124/092424.839:ERROR:process_reader_win.cc(151)] SuspendThread: Access is denied. (0x5)
[0124/092424.839:ERROR:process_reader_win.cc(151)] SuspendThread: Access is denied. (0x5)
[0124/092424.839:ERROR:process_reader_win.cc(151)] SuspendThread: Access is denied. (0x5)
[0124/092424.839:ERROR:process_reader_win.cc(151)] SuspendThread: Access is denied. (0x5)
[0124/092424.839:ERROR:process_reader_win.cc(151)] SuspendThread: Access is denied. (0x5)
[0124/092424.839:ERROR:process_reader_win.cc(151)] SuspendThread: Access is denied. (0x5)
[0124/092424.839:ERROR:process_reader_win.cc(123)] NtOpenThread: An invalid Client ID was specified. (0xc000000b)
[0124/092424.839:ERROR:exception_snapshot_win.cc(99)] thread ID 5520 not found in process
[0124/092424.839:ERROR:scoped_process_suspend.cc(40)] NtResumeProcess: An attempt was made to access an exiting process. (0xc000010a)
[0124/092922.287:ERROR:filesystem_win.cc(129)] GetFileAttributes C:\Users\cpe\AppData\Local\Temp\scoped_dir5804_813426594\Crashpad\attachments\0c4c60db-f94e-4a48-8aea-56bcaaecc326: The system cannot find the path specified. (0x3)
[0124/093205.005:ERROR:filesystem_win.cc(129)] GetFileAttributes C:\Users\cpe\AppData\Local\Temp\scoped_dir4216_1600665756\Crashpad\attachments\180be9fa-2bed-430a-be4a-a2964e0cd967: The system cannot find the path specified. (0x3)
[0124/093252.460:ERROR:filesystem_win.cc(129)] GetFileAttributes C:\Users\cpe\AppData\Local\Temp\scoped_dir5872_1103055882\Crashpad\attachments\f18e61a9-3d3e-40d4-bb40-9ca866ee823a: The system cannot find the path specified. (0x3)
[0124/093509.536:ERROR:filesystem_win.cc(129)] GetFileAttributes C:\Users\cpe\AppData\Local\Temp\scoped_dir4472_695833438\Crashpad\attachments\29206738-cde6-4828-9e2d-6a84af1ec438: The system cannot find the path specified. (0x3)
[0124/093730.483:ERROR:filesystem_win.cc(129)] GetFileAttributes C:\Users\cpe\AppData\Local\Temp\scoped_dir4276_1108285199\Crashpad\attachments\21678d03-2301-46cd-a518-0377b2f4b3d7: The system cannot find the path specified. (0x3)
[0124/093814.033:ERROR:filesystem_win.cc(129)] GetFileAttributes C:\Users\cpe\AppData\Local\Temp\scoped_dir1268_1705466306\Crashpad\attachments\f81c0163-da6c-45c0-be43-d8f174029984: The system cannot find the path specified. (0x3)
[0124/094008.266:ERROR:filesystem_win.cc(129)] GetFileAttributes C:\Users\cpe\AppData\Local\Temp\scoped_dir1568_1239342299\Crashpad\attachments\49a37738-f411-44b5-a120-e08d17db693a: The system cannot find the path specified. (0x3)
[0124/094017.547:ERROR:process_reader_win.cc(188)] ResumeThread: The parameter is incorrect. (0x57)
[0124/094017.547:ERROR:process_reader_win.cc(151)] SuspendThread: Access is denied. (0x5)
[0124/094017.547:ERROR:process_reader_win.cc(151)] SuspendThread: Access is denied. (0x5)
[0124/094017.547:ERROR:process_reader_win.cc(151)] SuspendThread: Access is denied. (0x5)
[0124/094017.547:ERROR:process_reader_win.cc(151)] SuspendThread: Access is denied. (0x5)
[0124/094017.547:ERROR:process_reader_win.cc(151)] SuspendThread: Access is denied. (0x5)
[0124/094017.547:ERROR:process_reader_win.cc(151)] SuspendThread: Access is denied. (0x5)
[0124/094017.547:ERROR:process_reader_win.cc(151)] SuspendThread: Access is denied. (0x5)
[0124/094017.547:ERROR:process_reader_win.cc(151)] SuspendThread: Access is denied. (0x5)
[0124/094017.547:ERROR:process_reader_win.cc(151)] SuspendThread: Access is denied. (0x5)
[0124/094017.547:ERROR:process_reader_win.cc(151)] SuspendThread: Access is denied. (0x5)
[0124/094017.547:ERROR:process_reader_win.cc(151)] SuspendThread: Access is denied. (0x5)
[0124/094017.547:ERROR:process_reader_win.cc(151)] SuspendThread: Access is denied. (0x5)
[0124/094017.551:ERROR:file_io_win.cc(162)] CreateFile C:\Users\cpe\AppData\Local\Temp\scoped_dir1568_1239342299\Crashpad\settings.dat: The system cannot find the file specified. (0x2)
[0124/094145.057:ERROR:filesystem_win.cc(129)] GetFileAttributes C:\Users\cpe\AppData\Local\Temp\scoped_dir5528_1908722352\Crashpad\attachments\a1045c0d-d351-4cd7-b0aa-1fbe17689b0c: The system cannot find the path specified. (0x3)
[0124/094157.596:ERROR:process_reader_win.cc(188)] ResumeThread: The parameter is incorrect. (0x57)
[0124/094157.596:ERROR:process_reader_win.cc(151)] SuspendThread: Access is denied. (0x5)
[0124/094157.596:ERROR:exception_snapshot_win.cc(99)] thread ID 5024 not found in process
[0124/094614.523:ERROR:filesystem_win.cc(129)] GetFileAttributes C:\Users\cpe\AppData\Local\Temp\scoped_dir1944_311163309\Crashpad\attachments\c0e386d5-cae3-4ce5-a185-25dfa1660620: The system cannot find the path specified. (0x3)
[0124/110221.726:ERROR:filesystem_win.cc(129)] GetFileAttributes C:\Users\cpe\AppData\Local\Temp\scoped_dir348_709663446\Crashpad\attachments\5821d3de-0a91-4001-bcd3-4aaef1d441d6: The system cannot find the path specified. (0x3)
[0124/110234.224:ERROR:process_reader_win.cc(188)] ResumeThread: The parameter is incorrect. (0x57)
[0124/110234.224:ERROR:process_reader_win.cc(151)] SuspendThread: Access is denied. (0x5)
[0124/110234.224:ERROR:process_reader_win.cc(151)] SuspendThread: Access is denied. (0x5)
[0124/110234.224:ERROR:process_reader_win.cc(151)] SuspendThread: Access is denied. (0x5)
[0124/110234.228:ERROR:file_io_win.cc(162)] CreateFile C:\Users\cpe\AppData\Local\Temp\scoped_dir348_709663446\Crashpad\settings.dat: The system cannot find the path specified. (0x3)
[0124/110234.228:ERROR:file_io_win.cc(171)] CreateFile C:\Users\cpe\AppData\Local\Temp\scoped_dir348_709663446\Crashpad\reports\57754f11-3544-4e97-8468-51d71a9b0feb.dmp: The system cannot find the path specified. (0x3)
[0124/110234.228:ERROR:crash_report_exception_handler.cc(99)] PrepareNewCrashReport failed
[0124/110331.032:ERROR:filesystem_win.cc(129)] GetFileAttributes C:\Users\cpe\AppData\Local\Temp\scoped_dir968_2119724130\Crashpad\attachments\a29af069-d818-4ae7-ad99-be945975997a: The system cannot find the path specified. (0x3)
[0124/110900.708:ERROR:filesystem_win.cc(129)] GetFileAttributes C:\Users\cpe\AppData\Local\Temp\scoped_dir5984_1957375052\Crashpad\attachments\40d17aa8-2a4a-4283-9204-883834eef17c: The system cannot find the path specified. (0x3)
[0124/110959.692:ERROR:filesystem_win.cc(129)] GetFileAttributes C:\Users\cpe\AppData\Local\Temp\scoped_dir2232_1359077255\Crashpad\attachments\d715e579-b96e-4720-bed3-911a2e08a55c: The system cannot find the path specified. (0x3)
[0124/111916.979:ERROR:directory_reader_win.cc(43)] FindFirstFile: The system cannot find the path specified. (0x3)
[0124/113845.883:ERROR:filesystem_win.cc(129)] GetFileAttributes C:\Users\cpe\AppData\Local\Temp\scoped_dir2732_1586013541\Crashpad\attachments\e12e84a0-6211-4715-ac01-cc7ba07b9065: The system cannot find the path specified. (0x3)
[0124/113848.828:ERROR:process_reader_win.cc(188)] ResumeThread: The parameter is incorrect. (0x57)
[0124/113848.828:ERROR:process_reader_win.cc(123)] NtOpenThread: An invalid Client ID was specified. (0xc000000b)
[0124/113848.924:ERROR:exception_snapshot_win.cc(99)] thread ID 6448 not found in process
[0124/113848.924:ERROR:scoped_process_suspend.cc(40)] NtResumeProcess: An attempt was made to access an exiting process. (0xc000010a)
[0124/125048.442:ERROR:filesystem_win.cc(129)] GetFileAttributes C:\Users\cpe\AppData\Local\Temp\scoped_dir7204_1332414461\Crashpad\attachments\201de2ba-28b2-4295-86a4-1819d2174c71: The system cannot find the path specified. (0x3)
[0124/125318.388:ERROR:directory_reader_win.cc(43)] FindFirstFile: The system cannot find the path specified. (0x3)
[0124/125736.746:ERROR:filesystem_win.cc(129)] GetFileAttributes C:\Users\cpe\AppData\Local\Temp\scoped_dir4372_2119719229\Crashpad\attachments\18f04b22-7b9f-4bd9-800c-32fa1d10406c: The system cannot find the path specified. (0x3)
[0124/130356.256:ERROR:directory_reader_win.cc(43)] FindFirstFile: The system cannot find the path specified. (0x3)
[0124/131648.653:ERROR:filesystem_win.cc(129)] GetFileAttributes C:\Users\cpe\AppData\Local\Temp\scoped_dir4360_1278536588\Crashpad\attachments\9a7a08f8-f856-41fa-b262-dfbed65b9c5d: The system cannot find the path specified. (0x3)
[0124/131734.095:ERROR:filesystem_win.cc(129)] GetFileAttributes C:\Users\cpe\AppData\Local\Temp\scoped_dir6820_1142090160\Crashpad\attachments\55e54faa-ca56-48ce-b73a-ab00e0c21e99: The system cannot find the path specified. (0x3)
[0124/132246.769:ERROR:filesystem_win.cc(129)] GetFileAttributes C:\Users\cpe\AppData\Local\Temp\scoped_dir6352_637999318\Crashpad\attachments\34f0ff84-3c47-4d2b-af2a-3b566ff5c60f: The system cannot find the path specified. (0x3)
[0124/132300.898:ERROR:process_reader_win.cc(188)] ResumeThread: The parameter is incorrect. (0x57)
[0124/132300.898:ERROR:exception_snapshot_win.cc(99)] thread ID 7468 not found in process
[0124/132338.931:ERROR:filesystem_win.cc(129)] GetFileAttributes C:\Users\cpe\AppData\Local\Temp\scoped_dir5704_1227420193\Crashpad\attachments\4b234083-2be0-476f-b7fc-d75abd3ee904: The system cannot find the path specified. (0x3)
[0124/132419.945:ERROR:filesystem_win.cc(129)] GetFileAttributes C:\Users\cpe\AppData\Local\Temp\scoped_dir7380_871211726\Crashpad\attachments\170f6106-8d12-45b4-ab34-c52bb41a7837: The system cannot find the path specified. (0x3)
[0124/132558.407:ERROR:filesystem_win.cc(129)] GetFileAttributes C:\Users\cpe\AppData\Local\Temp\scoped_dir6572_1257273875\Crashpad\attachments\8f8370de-deb1-4b38-a9b3-e6814b0358e1: The system cannot find the path specified. (0x3)
[0124/132742.331:ERROR:filesystem_win.cc(129)] GetFileAttributes C:\Users\cpe\AppData\Local\Temp\scoped_dir7940_1256869092\Crashpad\attachments\ac129172-c600-423c-866c-8f742dec1516: The system cannot find the path specified. (0x3)
[0124/132905.594:ERROR:filesystem_win.cc(129)] GetFileAttributes C:\Users\cpe\AppData\Local\Temp\scoped_dir6020_1675562354\Crashpad\attachments\e0521296-7fc4-4b7c-8cb4-c91c60632b7d: The system cannot find the path specified. (0x3)
[0124/133330.003:ERROR:filesystem_win.cc(129)] GetFileAttributes C:\Users\cpe\AppData\Local\Temp\scoped_dir7564_664981167\Crashpad\attachments\c0d0d0ed-4830-40cd-a9d8-1fc204d1b6b6: The system cannot find the path specified. (0x3)
[0124/133408.116:ERROR:filesystem_win.cc(129)] GetFileAttributes C:\Users\cpe\AppData\Local\Temp\scoped_dir7848_1927453326\Crashpad\attachments\29f2c7ee-6a5d-4d9b-8374-c96d495f50ef: The system cannot find the path specified. (0x3)
[0124/133914.332:ERROR:filesystem_win.cc(129)] GetFileAttributes C:\Users\cpe\AppData\Local\Temp\scoped_dir1080_1443383226\Crashpad\attachments\9b9d5b56-e09a-4373-8cac-b8e61ae13192: The system cannot find the path specified. (0x3)
[0124/153949.047:ERROR:filesystem_win.cc(129)] GetFileAttributes C:\Users\cpe\AppData\Local\Temp\scoped_dir3192_2124907293\Crashpad\attachments\2d2d58c5-749d-4ec0-8a90-156f6e487e28: The system cannot find the path specified. (0x3)
[0124/154656.634:ERROR:filesystem_win.cc(129)] GetFileAttributes C:\Users\cpe\AppData\Local\Temp\scoped_dir4520_1341101083\Crashpad\attachments\a5f7da1a-eeda-4242-9c49-aa5a44356a5f: The system cannot find the path specified. (0x3)
[0124/154722.946:ERROR:process_reader_win.cc(188)] ResumeThread: The parameter is incorrect. (0x57)
[0124/154722.946:ERROR:process_reader_win.cc(123)] NtOpenThread: An invalid Client ID was specified. (0xc000000b)
[0124/154722.946:ERROR:process_reader_win.cc(151)] SuspendThread: Access is denied. (0x5)
[0124/154722.946:ERROR:process_reader_win.cc(151)] SuspendThread: Access is denied. (0x5)
[0124/154722.946:ERROR:process_reader_win.cc(151)] SuspendThread: Access is denied. (0x5)
[0124/154722.946:ERROR:process_reader_win.cc(151)] SuspendThread: Access is denied. (0x5)
[0124/154722.946:ERROR:process_reader_win.cc(151)] SuspendThread: Access is denied. (0x5)
[0124/154722.946:ERROR:process_reader_win.cc(151)] SuspendThread: Access is denied. (0x5)
[0124/154722.946:ERROR:exception_snapshot_win.cc(99)] thread ID 10032 not found in process
[0124/154809.418:ERROR:process_reader_win.cc(151)] SuspendThread: Access is denied. (0x5)
[0124/154809.418:ERROR:exception_snapshot_win.cc(99)] thread ID 8284 not found in process
[0124/154851.541:ERROR:directory_reader_win.cc(43)] FindFirstFile: The system cannot find the path specified. (0x3)
[0124/155156.177:ERROR:filesystem_win.cc(129)] GetFileAttributes C:\Users\cpe\AppData\Local\Temp\scoped_dir9636_1645818541\Crashpad\attachments\6760eb72-dd46-4221-9bef-effb25634dcb: The system cannot find the path specified. (0x3)
[0124/155219.696:ERROR:process_reader_win.cc(188)] ResumeThread: The parameter is incorrect. (0x57)
[0124/155219.696:ERROR:process_reader_win.cc(151)] SuspendThread: Access is denied. (0x5)
[0124/155219.713:ERROR:process_reader_win.cc(151)] SuspendThread: Access is denied. (0x5)
[0124/155219.714:ERROR:process_reader_win.cc(151)] SuspendThread: Access is denied. (0x5)
[0124/155219.714:ERROR:process_reader_win.cc(151)] SuspendThread: Access is denied. (0x5)
[0124/155219.714:ERROR:process_reader_win.cc(151)] SuspendThread: Access is denied. (0x5)
[0124/155219.714:ERROR:process_reader_win.cc(123)] NtOpenThread: An invalid Client ID was specified. (0xc000000b)
[0124/155219.714:ERROR:process_reader_win.cc(151)] SuspendThread: Access is denied. (0x5)
[0124/155219.714:ERROR:process_reader_win.cc(123)] NtOpenThread: An invalid Client ID was specified. (0xc000000b)
[0124/155219.714:ERROR:process_reader_win.cc(151)] SuspendThread: Access is denied. (0x5)
[0124/155219.714:ERROR:process_reader_win.cc(151)] SuspendThread: Access is denied. (0x5)
[0124/155219.714:ERROR:process_reader_win.cc(151)] SuspendThread: Access is denied. (0x5)
[0124/155219.714:ERROR:process_reader_win.cc(151)] SuspendThread: Access is denied. (0x5)
[0124/155219.714:ERROR:process_reader_win.cc(151)] SuspendThread: Access is denied. (0x5)
[0124/155219.714:ERROR:exception_snapshot_win.cc(99)] thread ID 8228 not found in process
[0124/160054.798:ERROR:directory_reader_win.cc(43)] FindFirstFile: The system cannot find the path specified. (0x3)
[0124/160128.326:ERROR:filesystem_win.cc(129)] GetFileAttributes C:\Users\cpe\AppData\Local\Temp\scoped_dir8572_2140836215\Crashpad\attachments\366e3485-4690-4325-8b7f-3bb756c2c116: The system cannot find the path specified. (0x3)
[0124/160213.776:ERROR:filesystem_win.cc(129)] GetFileAttributes C:\Users\cpe\AppData\Local\Temp\scoped_dir1024_265027071\Crashpad\attachments\f834a604-fbca-4532-a1c1-6cfc25760533: The system cannot find the path specified. (0x3)
[0124/160327.668:ERROR:filesystem_win.cc(129)] GetFileAttributes C:\Users\cpe\AppData\Local\Temp\scoped_dir2128_1474237488\Crashpad\attachments\62f8fa62-514c-40be-820f-2bbd1f0d7561: The system cannot find the path specified. (0x3)
[0124/160350.468:ERROR:process_reader_win.cc(188)] ResumeThread: The parameter is incorrect. (0x57)
[0124/160350.468:ERROR:process_reader_win.cc(151)] SuspendThread: Access is denied. (0x5)
[0124/160350.468:ERROR:process_reader_win.cc(151)] SuspendThread: Access is denied. (0x5)
[0124/160350.468:ERROR:process_reader_win.cc(151)] SuspendThread: Access is denied. (0x5)
[0124/160350.468:ERROR:process_reader_win.cc(151)] SuspendThread: Access is denied. (0x5)
[0124/160350.468:ERROR:process_reader_win.cc(151)] SuspendThread: Access is denied. (0x5)
[0124/160350.468:ERROR:process_reader_win.cc(151)] SuspendThread: Access is denied. (0x5)
[0124/160350.468:ERROR:process_reader_win.cc(151)] SuspendThread: Access is denied. (0x5)
[0124/160350.468:ERROR:process_reader_win.cc(151)] SuspendThread: Access is denied. (0x5)
[0124/160350.468:ERROR:process_reader_win.cc(151)] SuspendThread: Access is denied. (0x5)
[0124/160350.468:ERROR:process_reader_win.cc(151)] SuspendThread: Access is denied. (0x5)
[0124/160350.468:ERROR:process_reader_win.cc(151)] SuspendThread: Access is denied. (0x5)
[0124/160350.468:ERROR:process_reader_win.cc(151)] SuspendThread: Access is denied. (0x5)
[0124/160350.468:ERROR:exception_snapshot_win.cc(99)] thread ID 9008 not found in process
[0124/160713.411:ERROR:filesystem_win.cc(129)] GetFileAttributes C:\Users\cpe\AppData\Local\Temp\scoped_dir6592_819125656\Crashpad\attachments\958bf7a8-c1a2-45de-9a25-8dc101ffd545: The system cannot find the path specified. (0x3)
[0124/161738.751:ERROR:filesystem_win.cc(129)] GetFileAttributes C:\Users\cpe\AppData\Local\Temp\scoped_dir8596_1643322822\Crashpad\attachments\d8da46e8-39b3-4702-bac0-bdccef47684b: The system cannot find the path specified. (0x3)
[0124/174002.187:ERROR:filesystem_win.cc(129)] GetFileAttributes C:\Users\cpe\AppData\Local\Temp\scoped_dir8284_920852149\Crashpad\attachments\1c1b99ad-3404-4356-9ba9-32e5d70d8eed: The system cannot find the path specified. (0x3)
[0124/200609.638:ERROR:filesystem_win.cc(129)] GetFileAttributes C:\Users\cpe\AppData\Local\Temp\scoped_dir8484_342556430\Crashpad\attachments\8be718d5-1133-4d23-861b-3c689f4d99d6: The system cannot find the path specified. (0x3)
